This file contains any messages produced by compilers while
running configure, to aid debugging if configure makes a mistake.

It was created by GCC Quad-precision Math Library configure 0.1, which was
generated by GNU Autoconf 2.69.  Invocation command line was

  $ /home/nekomimi/Загрузки/gcc-master/libquadmath/configure 

## --------- ##
## Platform. ##
## --------- ##

hostname = nekomimi
uname -m = x86_64
uname -r = 4.19.0-16-amd64
uname -s = Linux
uname -v = #1 SMP Debian 4.19.181-1 (2021-03-19)

/usr/bin/uname -p = unknown
/bin/uname -X     = unknown

/bin/arch              = x86_64
/usr/bin/arch -k       = unknown
/usr/convex/getsysinfo = unknown
/usr/bin/hostinfo      = unknown
/bin/machine           = unknown
/usr/bin/oslevel       = unknown
/bin/universe          = unknown

PATH: /usr/local/bin
PATH: /usr/bin
PATH: /bin
PATH: /usr/local/games
PATH: /usr/games


## ----------- ##
## Core tests. ##
## ----------- ##

configure:2303: checking build system type
configure:2317: result: x86_64-pc-linux-gnu
configure:2337: checking host system type
configure:2350: result: x86_64-pc-linux-gnu
configure:2370: checking target system type
configure:2383: result: x86_64-pc-linux-gnu
configure:2485: checking for a BSD-compatible install
configure:2553: result: /usr/bin/install -c
configure:2564: checking whether build environment is sane
configure:2619: result: yes
configure:2768: checking for a thread-safe mkdir -p
configure:2807: result: /usr/bin/mkdir -p
configure:2814: checking for gawk
configure:2844: result: no
configure:2814: checking for mawk
configure:2830: found /usr/bin/mawk
configure:2841: result: mawk
configure:2852: checking whether make sets $(MAKE)
configure:2874: result: yes
configure:2903: checking whether make supports nested variables
configure:2920: result: yes
configure:3047: checking for --enable-version-specific-runtime-libs
configure:3060: result: no
configure:3077: checking for style of include used by make
configure:3105: result: GNU
configure:3176: checking for gcc
configure:3192: found /usr/bin/gcc
configure:3203: result: gcc
configure:3432: checking for C compiler version
configure:3441: gcc --version >&5
gcc (Debian 8.3.0-6) 8.3.0
Copyright (C) 2018 Free Software Foundation, Inc.
This is free software; see the source for copying conditions.  There is NO
warranty; not even for MERCHANTABILITY or FITNESS FOR A PARTICULAR PURPOSE.

configure:3452: $? = 0
configure:3441: gcc -v >&5
Using built-in specs.
COLLECT_GCC=gcc
COLLECT_LTO_WRAPPER=/usr/lib/gcc/x86_64-linux-gnu/8/lto-wrapper
OFFLOAD_TARGET_NAMES=nvptx-none
OFFLOAD_TARGET_DEFAULT=1
Target: x86_64-linux-gnu
Configured with: ../src/configure -v --with-pkgversion='Debian 8.3.0-6' --with-bugurl=file:///usr/share/doc/gcc-8/README.Bugs --enable-languages=c,ada,c++,go,brig,d,fortran,objc,obj-c++ --prefix=/usr --with-gcc-major-version-only --program-suffix=-8 --program-prefix=x86_64-linux-gnu- --enable-shared --enable-linker-build-id --libexecdir=/usr/lib --without-included-gettext --enable-threads=posix --libdir=/usr/lib --enable-nls --enable-bootstrap --enable-clocale=gnu --enable-libstdcxx-debug --enable-libstdcxx-time=yes --with-default-libstdcxx-abi=new --enable-gnu-unique-object --disable-vtable-verify --enable-libmpx --enable-plugin --enable-default-pie --with-system-zlib --with-target-system-zlib --enable-objc-gc=auto --enable-multiarch --disable-werror --with-arch-32=i686 --with-abi=m64 --with-multilib-list=m32,m64,mx32 --enable-multilib --with-tune=generic --enable-offload-targets=nvptx-none --without-cuda-driver --enable-checking=release --build=x86_64-linux-gnu --host=x86_64-linux-gnu --target=x86_64-linux-gnu
Thread model: posix
gcc version 8.3.0 (Debian 8.3.0-6) 
configure:3452: $? = 0
configure:3441: gcc -V >&5
gcc: error: unrecognized command line option '-V'
gcc: fatal error: no input files
compilation terminated.
configure:3452: $? = 1
configure:3441: gcc -qversion >&5
gcc: error: unrecognized command line option '-qversion'; did you mean '--version'?
gcc: fatal error: no input files
compilation terminated.
configure:3452: $? = 1
configure:3468: gcc -o conftest    conftest.c  >&5
configure:3471: $? = 0
configure:3500: checking whether the C compiler works
configure:3522: gcc    conftest.c  >&5
configure:3526: $? = 0
configure:3574: result: yes
configure:3577: checking for C compiler default output file name
configure:3579: result: a.out
configure:3585: checking for suffix of executables
configure:3592: gcc -o conftest    conftest.c  >&5
configure:3596: $? = 0
configure:3618: result: 
configure:3640: checking whether we are cross compiling
configure:3648: gcc -o conftest    conftest.c  >&5
configure:3652: $? = 0
configure:3659: ./conftest
configure:3663: $? = 0
configure:3678: result: no
configure:3651: checking for suffix of object files
configure:3673: gcc -c   conftest.c >&5
configure:3677: $? = 0
configure:3698: result: o
configure:3702: checking whether we are using the GNU C compiler
configure:3721: gcc -c   conftest.c >&5
configure:3721: $? = 0
configure:3730: result: yes
configure:3739: checking whether gcc accepts -g
configure:3759: gcc -c -g  conftest.c >&5
configure:3759: $? = 0
configure:3800: result: yes
configure:3817: checking for gcc option to accept ISO C89
configure:3880: gcc  -c -g -O2  conftest.c >&5
configure:3880: $? = 0
configure:3893: result: none needed
configure:3918: checking whether gcc understands -c and -o together
configure:3940: gcc -c conftest.c -o conftest2.o
configure:3943: $? = 0
configure:3940: gcc -c conftest.c -o conftest2.o
configure:3943: $? = 0
configure:3955: result: yes
configure:3974: checking dependency style of gcc
configure:4085: result: gcc3
configure:4106: checking how to run the C preprocessor
configure:4137: gcc -E  conftest.c
configure:4137: $? = 0
configure:4151: gcc -E  conftest.c
conftest.c:11:10: fatal error: ac_nonexistent.h: No such file or directory
 #include <ac_nonexistent.h>
          ^~~~~~~~~~~~~~~~~~
compilation terminated.
configure:4151: $? = 1
configure: failed program was:
| /* confdefs.h */
| #define PACKAGE_NAME "GCC Quad-precision Math Library"
| #define PACKAGE_TARNAME "libquadmath"
| #define PACKAGE_VERSION "0.1"
| #define PACKAGE_STRING "GCC Quad-precision Math Library 0.1"
| #define PACKAGE_BUGREPORT ""
| #define PACKAGE_URL ""
| #define PACKAGE "libquadmath"
| #define VERSION "0.1"
| /* end confdefs.h.  */
| #include <ac_nonexistent.h>
configure:4176: result: gcc -E
configure:4196: gcc -E  conftest.c
configure:4196: $? = 0
configure:4210: gcc -E  conftest.c
conftest.c:11:10: fatal error: ac_nonexistent.h: No such file or directory
 #include <ac_nonexistent.h>
          ^~~~~~~~~~~~~~~~~~
compilation terminated.
configure:4210: $? = 1
configure: failed program was:
| /* confdefs.h */
| #define PACKAGE_NAME "GCC Quad-precision Math Library"
| #define PACKAGE_TARNAME "libquadmath"
| #define PACKAGE_VERSION "0.1"
| #define PACKAGE_STRING "GCC Quad-precision Math Library 0.1"
| #define PACKAGE_BUGREPORT ""
| #define PACKAGE_URL ""
| #define PACKAGE "libquadmath"
| #define VERSION "0.1"
| /* end confdefs.h.  */
| #include <ac_nonexistent.h>
configure:4239: checking for grep that handles long lines and -e
configure:4297: result: /usr/bin/grep
configure:4302: checking for egrep
configure:4364: result: /usr/bin/grep -E
configure:4369: checking for ANSI C header files
configure:4389: gcc -c -g -O2  conftest.c >&5
configure:4389: $? = 0
configure:4462: gcc -o conftest -g -O2   conftest.c  >&5
configure:4462: $? = 0
configure:4462: ./conftest
configure:4462: $? = 0
configure:4473: result: yes
configure:4486: checking for sys/types.h
configure:4486: gcc -c -g -O2  conftest.c >&5
configure:4486: $? = 0
configure:4486: result: yes
configure:4486: checking for sys/stat.h
configure:4486: gcc -c -g -O2  conftest.c >&5
configure:4486: $? = 0
configure:4486: result: yes
configure:4486: checking for stdlib.h
configure:4486: gcc -c -g -O2  conftest.c >&5
configure:4486: $? = 0
configure:4486: result: yes
configure:4486: checking for string.h
configure:4486: gcc -c -g -O2  conftest.c >&5
configure:4486: $? = 0
configure:4486: result: yes
configure:4486: checking for memory.h
configure:4486: gcc -c -g -O2  conftest.c >&5
configure:4486: $? = 0
configure:4486: result: yes
configure:4486: checking for strings.h
configure:4486: gcc -c -g -O2  conftest.c >&5
configure:4486: $? = 0
configure:4486: result: yes
configure:4486: checking for inttypes.h
configure:4486: gcc -c -g -O2  conftest.c >&5
configure:4486: $? = 0
configure:4486: result: yes
configure:4486: checking for stdint.h
configure:4486: gcc -c -g -O2  conftest.c >&5
configure:4486: $? = 0
configure:4486: result: yes
configure:4486: checking for unistd.h
configure:4486: gcc -c -g -O2  conftest.c >&5
configure:4486: $? = 0
configure:4486: result: yes
configure:4499: checking minix/config.h usability
configure:4499: gcc -c -g -O2  conftest.c >&5
conftest.c:54:10: fatal error: minix/config.h: No such file or directory
 #include <minix/config.h>
          ^~~~~~~~~~~~~~~~
compilation terminated.
configure:4499: $? = 1
configure: failed program was:
| /* confdefs.h */
| #define PACKAGE_NAME "GCC Quad-precision Math Library"
| #define PACKAGE_TARNAME "libquadmath"
| #define PACKAGE_VERSION "0.1"
| #define PACKAGE_STRING "GCC Quad-precision Math Library 0.1"
| #define PACKAGE_BUGREPORT ""
| #define PACKAGE_URL ""
| #define PACKAGE "libquadmath"
| #define VERSION "0.1"
| #define STDC_HEADERS 1
| #define HAVE_SYS_TYPES_H 1
| #define HAVE_SYS_STAT_H 1
| #define HAVE_STDLIB_H 1
| #define HAVE_STRING_H 1
| #define HAVE_MEMORY_H 1
| #define HAVE_STRINGS_H 1
| #define HAVE_INTTYPES_H 1
| #define HAVE_STDINT_H 1
| #define HAVE_UNISTD_H 1
| /* end confdefs.h.  */
| #include <stdio.h>
| #ifdef HAVE_SYS_TYPES_H
| # include <sys/types.h>
| #endif
| #ifdef HAVE_SYS_STAT_H
| # include <sys/stat.h>
| #endif
| #ifdef STDC_HEADERS
| # include <stdlib.h>
| # include <stddef.h>
| #else
| # ifdef HAVE_STDLIB_H
| #  include <stdlib.h>
| # endif
| #endif
| #ifdef HAVE_STRING_H
| # if !defined STDC_HEADERS && defined HAVE_MEMORY_H
| #  include <memory.h>
| # endif
| # include <string.h>
| #endif
| #ifdef HAVE_STRINGS_H
| # include <strings.h>
| #endif
| #ifdef HAVE_INTTYPES_H
| # include <inttypes.h>
| #endif
| #ifdef HAVE_STDINT_H
| # include <stdint.h>
| #endif
| #ifdef HAVE_UNISTD_H
| # include <unistd.h>
| #endif
| #include <minix/config.h>
configure:4499: result: no
configure:4499: checking minix/config.h presence
configure:4499: gcc -E  conftest.c
conftest.c:21:10: fatal error: minix/config.h: No such file or directory
 #include <minix/config.h>
          ^~~~~~~~~~~~~~~~
compilation terminated.
configure:4499: $? = 1
configure: failed program was:
| /* confdefs.h */
| #define PACKAGE_NAME "GCC Quad-precision Math Library"
| #define PACKAGE_TARNAME "libquadmath"
| #define PACKAGE_VERSION "0.1"
| #define PACKAGE_STRING "GCC Quad-precision Math Library 0.1"
| #define PACKAGE_BUGREPORT ""
| #define PACKAGE_URL ""
| #define PACKAGE "libquadmath"
| #define VERSION "0.1"
| #define STDC_HEADERS 1
| #define HAVE_SYS_TYPES_H 1
| #define HAVE_SYS_STAT_H 1
| #define HAVE_STDLIB_H 1
| #define HAVE_STRING_H 1
| #define HAVE_MEMORY_H 1
| #define HAVE_STRINGS_H 1
| #define HAVE_INTTYPES_H 1
| #define HAVE_STDINT_H 1
| #define HAVE_UNISTD_H 1
| /* end confdefs.h.  */
| #include <minix/config.h>
configure:4499: result: no
configure:4499: checking for minix/config.h
configure:4499: result: no
configure:4520: checking whether it is safe to define __EXTENSIONS__
configure:4538: gcc -c -g -O2  conftest.c >&5
configure:4538: $? = 0
configure:4545: result: yes
configure:4565: checking for makeinfo
configure:4592: result: ${SHELL} /home/nekomimi/Загрузки/gcc-master/missing makeinfo
configure:4602: checking for modern makeinfo
configure:4617: result: no
configure:4712: checking how to print strings
configure:4739: result: printf
configure:4760: checking for a sed that does not truncate output
configure:4824: result: /usr/bin/sed
configure:4842: checking for fgrep
configure:4904: result: /usr/bin/grep -F
configure:4939: checking for ld used by gcc
configure:5006: result: /usr/bin/ld
configure:5013: checking if the linker (/usr/bin/ld) is GNU ld
configure:5028: result: yes
configure:5040: checking for BSD- or MS-compatible name lister (nm)
configure:5089: result: /usr/bin/nm -B
configure:5219: checking the name lister (/usr/bin/nm -B) interface
configure:5226: gcc -c -g -O2  conftest.c >&5
configure:5229: /usr/bin/nm -B "conftest.o"
configure:5232: output
0000000000000000 B some_variable
configure:5233: result: BSD nm
configure:5236: checking whether ln -s works
configure:5240: result: yes
configure:5248: checking the maximum length of command line arguments
configure:5373: result: 1572864
configure:5390: checking whether the shell understands some XSI constructs
configure:5399: result: yes
configure:5403: checking whether the shell understands "+="
configure:5407: result: yes
configure:5442: checking for /usr/bin/ld option to reload object files
configure:5449: result: -r
configure:5518: checking for objdump
configure:5534: found /usr/bin/objdump
configure:5545: result: objdump
configure:5577: checking how to recognize dependent libraries
configure:5778: result: pass_all
configure:5838: checking for ar
configure:5854: found /usr/bin/ar
configure:5865: result: ar
configure:5943: checking for strip
configure:5959: found /usr/bin/strip
configure:5970: result: strip
configure:6042: checking for ranlib
configure:6058: found /usr/bin/ranlib
configure:6069: result: ranlib
configure:6171: checking command to parse /usr/bin/nm -B output from gcc object
configure:6289: gcc -c -g -O2  conftest.c >&5
configure:6292: $? = 0
configure:6296: /usr/bin/nm -B conftest.o \| sed -n -e 's/^.*[ ]\([ABCDGIRSTW][ABCDGIRSTW]*\)[ ][ ]*\([_A-Za-z][_A-Za-z0-9]*\)$/\1 \2 \2/p' \> conftest.nm
configure:6299: $? = 0
configure:6353: gcc -o conftest -g -O2   conftest.c conftstm.o >&5
configure:6356: $? = 0
configure:6394: result: ok
configure:6489: gcc -c -g -O2  conftest.c >&5
configure:6492: $? = 0
configure:7250: checking for dlfcn.h
configure:7250: gcc -c -g -O2  conftest.c >&5
configure:7250: $? = 0
configure:7250: result: yes
configure:7437: checking for objdir
configure:7452: result: .libs
configure:7723: checking if gcc supports -fno-rtti -fno-exceptions
configure:7741: gcc -c -g -O2  -fno-rtti -fno-exceptions conftest.c >&5
cc1: warning: command line option '-fno-rtti' is valid for C++/ObjC++ but not for C
configure:7745: $? = 0
configure:7758: result: no
configure:7778: checking for gcc option to produce PIC
configure:8064: result: -fPIC -DPIC
configure:8076: checking if gcc PIC flag -fPIC -DPIC works
configure:8094: gcc -c -g -O2  -fPIC -DPIC -DPIC conftest.c >&5
configure:8098: $? = 0
configure:8111: result: yes
configure:8135: checking if gcc static flag -static works
configure:8163: result: yes
configure:8178: checking if gcc supports -c -o file.o
configure:8199: gcc -c -g -O2  -o out/conftest2.o conftest.c >&5
configure:8203: $? = 0
configure:8225: result: yes
configure:8233: checking if gcc supports -c -o file.o
configure:8280: result: yes
configure:8313: checking whether the gcc linker (/usr/bin/ld -m elf_x86_64) supports shared libraries
configure:9393: result: yes
configure:9430: checking whether -lc should be explicitly linked in
configure:9438: gcc -c -g -O2  conftest.c >&5
configure:9441: $? = 0
configure:9456: gcc -shared  -fPIC -DPIC conftest.o  -v -Wl,-soname -Wl,conftest -o conftest 2\>\&1 \| /usr/bin/grep  -lc  \>/dev/null 2\>\&1
configure:9459: $? = 0
configure:9473: result: no
configure:9638: checking dynamic linker characteristics
configure:10087: gcc -o conftest -g -O2   -Wl,-rpath -Wl,/foo conftest.c  >&5
configure:10087: $? = 0
configure:10309: result: GNU/Linux ld.so
configure:10416: checking how to hardcode library paths into programs
configure:10441: result: immediate
configure:10996: checking whether stripping libraries is possible
configure:11001: result: yes
configure:11036: checking if libtool supports shared libraries
configure:11038: result: yes
configure:11041: checking whether to build shared libraries
configure:11062: result: yes
configure:11065: checking whether to build static libraries
configure:11069: result: yes
configure:8255: checking whether to enable maintainer-specific portions of Makefiles
configure:8264: result: no
configure:8339: checking for gcc
configure:8366: result: gcc
configure:8595: checking for C compiler version
configure:8604: gcc --version >&5
gcc (Debian 8.3.0-6) 8.3.0
Copyright (C) 2018 Free Software Foundation, Inc.
This is free software; see the source for copying conditions.  There is NO
warranty; not even for MERCHANTABILITY or FITNESS FOR A PARTICULAR PURPOSE.

configure:8615: $? = 0
configure:8604: gcc -v >&5
Using built-in specs.
COLLECT_GCC=gcc
COLLECT_LTO_WRAPPER=/usr/lib/gcc/x86_64-linux-gnu/8/lto-wrapper
OFFLOAD_TARGET_NAMES=nvptx-none
OFFLOAD_TARGET_DEFAULT=1
Target: x86_64-linux-gnu
Configured with: ../src/configure -v --with-pkgversion='Debian 8.3.0-6' --with-bugurl=file:///usr/share/doc/gcc-8/README.Bugs --enable-languages=c,ada,c++,go,brig,d,fortran,objc,obj-c++ --prefix=/usr --with-gcc-major-version-only --program-suffix=-8 --program-prefix=x86_64-linux-gnu- --enable-shared --enable-linker-build-id --libexecdir=/usr/lib --without-included-gettext --enable-threads=posix --libdir=/usr/lib --enable-nls --enable-bootstrap --enable-clocale=gnu --enable-libstdcxx-debug --enable-libstdcxx-time=yes --with-default-libstdcxx-abi=new --enable-gnu-unique-object --disable-vtable-verify --enable-libmpx --enable-plugin --enable-default-pie --with-system-zlib --with-target-system-zlib --enable-objc-gc=auto --enable-multiarch --disable-werror --with-arch-32=i686 --with-abi=m64 --with-multilib-list=m32,m64,mx32 --enable-multilib --with-tune=generic --enable-offload-targets=nvptx-none --without-cuda-driver --enable-checking=release --build=x86_64-linux-gnu --host=x86_64-linux-gnu --target=x86_64-linux-gnu
Thread model: posix
gcc version 8.3.0 (Debian 8.3.0-6) 
configure:8615: $? = 0
configure:8604: gcc -V >&5
gcc: error: unrecognized command line option '-V'
gcc: fatal error: no input files
compilation terminated.
configure:8615: $? = 1
configure:8604: gcc -qversion >&5
gcc: error: unrecognized command line option '-qversion'; did you mean '--version'?
gcc: fatal error: no input files
compilation terminated.
configure:8615: $? = 1
configure:8619: checking whether we are using the GNU C compiler
configure:8647: result: yes
configure:8656: checking whether gcc accepts -g
configure:8717: result: yes
configure:8734: checking for gcc option to accept ISO C89
configure:8810: result: none needed
configure:8835: checking whether gcc understands -c and -o together
configure:8872: result: yes
configure:8891: checking dependency style of gcc
configure:9002: result: gcc3
configure:9031: checking how to run the C preprocessor
configure:9101: result: gcc -E
configure:9121: gcc -E  conftest.c
configure:9121: $? = 0
configure:9135: gcc -E  conftest.c
conftest.c:28:10: fatal error: ac_nonexistent.h: No such file or directory
 #include <ac_nonexistent.h>
          ^~~~~~~~~~~~~~~~~~
compilation terminated.
configure:9135: $? = 1
configure: failed program was:
| /* confdefs.h */
| #define PACKAGE_NAME "GCC Quad-precision Math Library"
| #define PACKAGE_TARNAME "libquadmath"
| #define PACKAGE_VERSION "0.1"
| #define PACKAGE_STRING "GCC Quad-precision Math Library 0.1"
| #define PACKAGE_BUGREPORT ""
| #define PACKAGE_URL ""
| #define PACKAGE "libquadmath"
| #define VERSION "0.1"
| #define STDC_HEADERS 1
| #define HAVE_SYS_TYPES_H 1
| #define HAVE_SYS_STAT_H 1
| #define HAVE_STDLIB_H 1
| #define HAVE_STRING_H 1
| #define HAVE_MEMORY_H 1
| #define HAVE_STRINGS_H 1
| #define HAVE_INTTYPES_H 1
| #define HAVE_STDINT_H 1
| #define HAVE_UNISTD_H 1
| #define __EXTENSIONS__ 1
| #define _ALL_SOURCE 1
| #define _GNU_SOURCE 1
| #define _POSIX_PTHREAD_SEMANTICS 1
| #define _TANDEM_SOURCE 1
| #define HAVE_DLFCN_H 1
| #define LT_OBJDIR ".libs/"
| /* end confdefs.h.  */
| #include <ac_nonexistent.h>
configure:9220: checking fenv.h usability
configure:9220: gcc -c -g -O2  conftest.c >&5
configure:9220: $? = 0
configure:9220: result: yes
configure:9220: checking fenv.h presence
configure:9220: gcc -E  conftest.c
configure:9220: $? = 0
configure:9220: result: yes
configure:9220: checking for fenv.h
configure:9220: result: yes
configure:9220: checking langinfo.h usability
configure:9220: gcc -c -g -O2  conftest.c >&5
configure:9220: $? = 0
configure:9220: result: yes
configure:9220: checking langinfo.h presence
configure:9220: gcc -E  conftest.c
configure:9220: $? = 0
configure:9220: result: yes
configure:9220: checking for langinfo.h
configure:9220: result: yes
configure:9220: checking locale.h usability
configure:9220: gcc -c -g -O2  conftest.c >&5
configure:9220: $? = 0
configure:9220: result: yes
configure:9220: checking locale.h presence
configure:9220: gcc -E  conftest.c
configure:9220: $? = 0
configure:9220: result: yes
configure:9220: checking for locale.h
configure:9220: result: yes
configure:9220: checking wchar.h usability
configure:9220: gcc -c -g -O2  conftest.c >&5
configure:9220: $? = 0
configure:9220: result: yes
configure:9220: checking wchar.h presence
configure:9220: gcc -E  conftest.c
configure:9220: $? = 0
configure:9220: result: yes
configure:9220: checking for wchar.h
configure:9220: result: yes
configure:9220: checking wctype.h usability
configure:9220: gcc -c -g -O2  conftest.c >&5
configure:9220: $? = 0
configure:9220: result: yes
configure:9220: checking wctype.h presence
configure:9220: gcc -E  conftest.c
configure:9220: $? = 0
configure:9220: result: yes
configure:9220: checking for wctype.h
configure:9220: result: yes
configure:9220: checking limits.h usability
configure:9220: gcc -c -g -O2  conftest.c >&5
configure:9220: $? = 0
configure:9220: result: yes
configure:9220: checking limits.h presence
configure:9220: gcc -E  conftest.c
configure:9220: $? = 0
configure:9220: result: yes
configure:9220: checking for limits.h
configure:9220: result: yes
configure:9220: checking ctype.h usability
configure:9220: gcc -c -g -O2  conftest.c >&5
configure:9220: $? = 0
configure:9220: result: yes
configure:9220: checking ctype.h presence
configure:9220: gcc -E  conftest.c
configure:9220: $? = 0
configure:9220: result: yes
configure:9220: checking for ctype.h
configure:9220: result: yes
configure:9220: checking printf.h usability
configure:9220: gcc -c -g -O2  conftest.c >&5
configure:9220: $? = 0
configure:9220: result: yes
configure:9220: checking printf.h presence
configure:9220: gcc -E  conftest.c
configure:9220: $? = 0
configure:9220: result: yes
configure:9220: checking for printf.h
configure:9220: result: yes
configure:9220: checking errno.h usability
configure:9220: gcc -c -g -O2  conftest.c >&5
configure:9220: $? = 0
configure:9220: result: yes
configure:9220: checking errno.h presence
configure:9220: gcc -E  conftest.c
configure:9220: $? = 0
configure:9220: result: yes
configure:9220: checking for errno.h
configure:9220: result: yes
configure:9231: checking whether the math.h includes POSIX's signgam
configure:9252: gcc -c -g -O2 -Werror  conftest.c >&5
configure:9252: $? = 0
configure:9260: result: yes
configure:9271: checking for sqrtl in -lm
configure:9299: gcc -o conftest -g -O2   conftest.c -lm   >&5
conftest.c:45:6: warning: conflicting types for built-in function 'sqrtl' [-Wbuiltin-declaration-mismatch]
 char sqrtl ();
      ^~~~~
configure:9299: $? = 0
configure:9308: result: yes
configure:9316: checking for cbrtl in -lm
configure:9344: gcc -o conftest -g -O2   conftest.c -lm   >&5
conftest.c:46:6: warning: conflicting types for built-in function 'cbrtl' [-Wbuiltin-declaration-mismatch]
 char cbrtl ();
      ^~~~~
configure:9344: $? = 0
configure:9353: result: yes
configure:9361: checking for feholdexcept in -lm
configure:9389: gcc -o conftest -g -O2   conftest.c -lm   >&5
conftest.c:47:6: warning: conflicting types for built-in function 'feholdexcept' [-Wbuiltin-declaration-mismatch]
 char feholdexcept ();
      ^~~~~~~~~~~~
configure:9389: $? = 0
configure:9398: result: yes
configure:9406: checking for fesetround in -lm
configure:9434: gcc -o conftest -g -O2   conftest.c -lm   >&5
conftest.c:48:6: warning: conflicting types for built-in function 'fesetround' [-Wbuiltin-declaration-mismatch]
 char fesetround ();
      ^~~~~~~~~~
configure:9434: $? = 0
configure:9443: result: yes
configure:9451: checking for feupdateenv in -lm
configure:9479: gcc -o conftest -g -O2   conftest.c -lm   >&5
conftest.c:49:6: warning: conflicting types for built-in function 'feupdateenv' [-Wbuiltin-declaration-mismatch]
 char feupdateenv ();
      ^~~~~~~~~~~
configure:9479: $? = 0
configure:9488: result: yes
configure:9496: checking for fesetenv in -lm
configure:9524: gcc -o conftest -g -O2   conftest.c -lm   >&5
conftest.c:50:6: warning: conflicting types for built-in function 'fesetenv' [-Wbuiltin-declaration-mismatch]
 char fesetenv ();
      ^~~~~~~~
configure:9524: $? = 0
configure:9533: result: yes
configure:9541: checking for fetestexcept in -lm
configure:9569: gcc -o conftest -g -O2   conftest.c -lm   >&5
conftest.c:51:6: warning: conflicting types for built-in function 'fetestexcept' [-Wbuiltin-declaration-mismatch]
 char fetestexcept ();
      ^~~~~~~~~~~~
configure:9569: $? = 0
configure:9578: result: yes
configure:9588: checking for strtoull
configure:9588: gcc -o conftest -g -O2   conftest.c  >&5
configure:9588: $? = 0
configure:9588: result: yes
configure:9638: checking whether hidden visibility is supported
configure:9652: gcc -c -g -O2 -Werror  conftest.c >&5
configure:9652: $? = 0
configure:9658: result: yes
configure:9668: checking whether symbol versioning is supported
configure:9704: gcc -o conftest -g -O2   -fPIC -shared -Wl,--version-script,./conftest.map conftest.c  >&5
configure:9704: $? = 0
configure:9749: result: gnu
configure:9776: checking whether __float128 is supported
configure:9870: gcc -o conftest -g -O2   conftest.c  >&5
configure:9870: $? = 0
configure:9883: result: yes
configure:9895: checking whether printf hooks are supported
configure:9920: gcc -c -g -O2  conftest.c >&5
configure:9920: $? = 0
configure:9926: result: yes
configure:9936: checking whether nl_langinfo should be used
configure:9958: gcc -c -g -O2  conftest.c >&5
configure:9958: $? = 0
configure:9964: result: yes
configure:9972: checking whether nl_langinfo should be used for wide char locale info
configure:9992: gcc -c -g -O2  conftest.c >&5
configure:9992: $? = 0
configure:9998: result: yes
configure:10006: checking whether localeconv should be used
configure:10029: gcc -c -g -O2  conftest.c >&5
configure:10029: $? = 0
configure:10035: result: yes
configure:10045: checking whether i18n number rewriting support for quadmath_snprintf should be added
configure:10074: gcc -c -g -O2  conftest.c >&5
configure:10074: $? = 0
configure:10080: result: yes
configure:10102: checking for CET support
configure:10131: gcc -c -g -O2 -fcf-protection  conftest.c >&5
configure:10131: $? = 0
configure:10167: result: yes
configure:10267: checking generated-files-in-srcdir
configure:10280: result: no
configure:10409: checking that generated files are newer than configure
configure:10415: result: done
configure:10470: creating ./config.status

## ---------------------- ##
## Running config.status. ##
## ---------------------- ##

This file was extended by GCC Quad-precision Math Library config.status 0.1, which was
generated by GNU Autoconf 2.69.  Invocation command line was

  CONFIG_FILES    = 
  CONFIG_HEADERS  = 
  CONFIG_LINKS    = 
  CONFIG_COMMANDS = 
  $ ./config.status 

on nekomimi

config.status:1137: creating Makefile
config.status:1137: creating config.h
config.status:1366: executing default-1 commands

## ---------------- ##
## Cache variables. ##
## ---------------- ##

ac_cv_build=x86_64-pc-linux-gnu
ac_cv_c_compiler_gnu=yes
ac_cv_env_CC_set=
ac_cv_env_CC_value=
ac_cv_env_CFLAGS_set=
ac_cv_env_CFLAGS_value=
ac_cv_env_CPPFLAGS_set=
ac_cv_env_CPPFLAGS_value=
ac_cv_env_CPP_set=
ac_cv_env_CPP_value=
ac_cv_env_LDFLAGS_set=
ac_cv_env_LDFLAGS_value=
ac_cv_env_LIBS_set=
ac_cv_env_LIBS_value=
ac_cv_env_build_alias_set=
ac_cv_env_build_alias_value=
ac_cv_env_host_alias_set=
ac_cv_env_host_alias_value=
ac_cv_env_target_alias_set=
ac_cv_env_target_alias_value=
ac_cv_func_strtoull=yes
ac_cv_header_ctype_h=yes
ac_cv_header_dlfcn_h=yes
ac_cv_header_errno_h=yes
ac_cv_header_fenv_h=yes
ac_cv_header_inttypes_h=yes
ac_cv_header_langinfo_h=yes
ac_cv_header_limits_h=yes
ac_cv_header_locale_h=yes
ac_cv_header_memory_h=yes
ac_cv_header_minix_config_h=no
ac_cv_header_printf_h=yes
ac_cv_header_stdc=yes
ac_cv_header_stdint_h=yes
ac_cv_header_stdlib_h=yes
ac_cv_header_string_h=yes
ac_cv_header_strings_h=yes
ac_cv_header_sys_stat_h=yes
ac_cv_header_sys_types_h=yes
ac_cv_header_unistd_h=yes
ac_cv_header_wchar_h=yes
ac_cv_header_wctype_h=yes
ac_cv_host=x86_64-pc-linux-gnu
ac_cv_lib_m_cbrtl=yes
ac_cv_lib_m_feholdexcept=yes
ac_cv_lib_m_fesetenv=yes
ac_cv_lib_m_fesetround=yes
ac_cv_lib_m_fetestexcept=yes
ac_cv_lib_m_feupdateenv=yes
ac_cv_lib_m_sqrtl=yes
ac_cv_objext=o
ac_cv_path_EGREP='/usr/bin/grep -E'
ac_cv_path_FGREP='/usr/bin/grep -F'
ac_cv_path_GREP=/usr/bin/grep
ac_cv_path_SED=/usr/bin/sed
ac_cv_path_install='/usr/bin/install -c'
ac_cv_path_mkdir=/usr/bin/mkdir
ac_cv_prog_AWK=mawk
ac_cv_prog_CPP='gcc -E'
ac_cv_prog_MAKEINFO='${SHELL} /home/nekomimi/Загрузки/gcc-master/missing makeinfo'
ac_cv_prog_ac_ct_AR=ar
ac_cv_prog_ac_ct_CC=gcc
ac_cv_prog_ac_ct_OBJDUMP=objdump
ac_cv_prog_ac_ct_RANLIB=ranlib
ac_cv_prog_ac_ct_STRIP=strip
ac_cv_prog_cc_c89=
ac_cv_prog_cc_g=yes
ac_cv_prog_make_make_set=yes
ac_cv_safe_to_define___extensions__=yes
ac_cv_target=x86_64-pc-linux-gnu
am_cv_CC_dependencies_compiler_type=gcc3
am_cv_make_support_nested_variables=yes
am_cv_prog_cc_c_o=yes
gcc_cv_prog_makeinfo_modern=no
libgfor_cv_have_math_h_signgam=yes
libquad_cv_have_float128=yes
lt_cv_archive_cmds_need_lc=no
lt_cv_deplibs_check_method=pass_all
lt_cv_file_magic_cmd='$MAGIC_CMD'
lt_cv_file_magic_test_file=
lt_cv_ld_reload_flag=-r
lt_cv_nm_interface='BSD nm'
lt_cv_objdir=.libs
lt_cv_path_LD=/usr/bin/ld
lt_cv_path_NM='/usr/bin/nm -B'
lt_cv_prog_compiler_c_o=yes
lt_cv_prog_compiler_pic_works=yes
lt_cv_prog_compiler_rtti_exceptions=no
lt_cv_prog_compiler_static_works=yes
lt_cv_prog_gnu_ld=yes
lt_cv_shlibpath_overrides_runpath=yes
lt_cv_sys_global_symbol_pipe='sed -n -e '\''s/^.*[	 ]\([ABCDGIRSTW][ABCDGIRSTW]*\)[	 ][	 ]*\([_A-Za-z][_A-Za-z0-9]*\)$/\1 \2 \2/p'\'''
lt_cv_sys_global_symbol_to_c_name_address='sed -n -e '\''s/^: \([^ ]*\) $/  {\"\1\", (void *) 0},/p'\'' -e '\''s/^[ABCDGIRSTW]* \([^ ]*\) \([^ ]*\)$/  {"\2", (void *) \&\2},/p'\'''
lt_cv_sys_global_symbol_to_c_name_address_lib_prefix='sed -n -e '\''s/^: \([^ ]*\) $/  {\"\1\", (void *) 0},/p'\'' -e '\''s/^[ABCDGIRSTW]* \([^ ]*\) \(lib[^ ]*\)$/  {"\2", (void *) \&\2},/p'\'' -e '\''s/^[ABCDGIRSTW]* \([^ ]*\) \([^ ]*\)$/  {"lib\2", (void *) \&\2},/p'\'''
lt_cv_sys_global_symbol_to_cdecl='sed -n -e '\''s/^T .* \(.*\)$/extern int \1();/p'\'' -e '\''s/^[ABCDGIRSTW]* .* \(.*\)$/extern char \1;/p'\'''
lt_cv_sys_max_cmd_len=1572864

## ----------------- ##
## Output variables. ##
## ----------------- ##

ACLOCAL='${SHELL} /home/nekomimi/Загрузки/gcc-master/missing aclocal-1.15'
AMDEPBACKSLASH='\'
AMDEP_FALSE='#'
AMDEP_TRUE=''
AMTAR='$${TAR-tar}'
AM_BACKSLASH='\'
AM_DEFAULT_V='$(AM_DEFAULT_VERBOSITY)'
AM_DEFAULT_VERBOSITY='1'
AM_V='$(V)'
AR='ar'
AUTOCONF='${SHELL} /home/nekomimi/Загрузки/gcc-master/missing autoconf'
AUTOHEADER='${SHELL} /home/nekomimi/Загрузки/gcc-master/missing autoheader'
AUTOMAKE='${SHELL} /home/nekomimi/Загрузки/gcc-master/missing automake-1.15'
AWK='mawk'
BUILD_INFO_FALSE=''
BUILD_INFO_TRUE='#'
BUILD_LIBQUADMATH_FALSE='#'
BUILD_LIBQUADMATH_TRUE=''
CC='gcc'
CCDEPMODE='depmode=gcc3'
CFLAGS='-g -O2'
CPP='gcc -E'
CPPFLAGS=''
CYGPATH_W='echo'
DEFS='-DHAVE_CONFIG_H'
DEPDIR='.deps'
DSYMUTIL=''
DUMPBIN=''
ECHO_C=''
ECHO_N='-n'
ECHO_T=''
EGREP='/usr/bin/grep -E'
EXEEXT=''
FGREP='/usr/bin/grep -F'
GENINSRC_FALSE=''
GENINSRC_TRUE='#'
GREP='/usr/bin/grep'
INSTALL_DATA='${INSTALL} -m 644'
INSTALL_PROGRAM='${INSTALL}'
INSTALL_SCRIPT='${INSTALL}'
INSTALL_STRIP_PROGRAM='$(install_sh) -c -s'
LD='/usr/bin/ld -m elf_x86_64'
LDFLAGS=''
LIBOBJS=''
LIBQUAD_USE_SYMVER_FALSE='#'
LIBQUAD_USE_SYMVER_GNU_FALSE='#'
LIBQUAD_USE_SYMVER_GNU_TRUE=''
LIBQUAD_USE_SYMVER_SUN_FALSE=''
LIBQUAD_USE_SYMVER_SUN_TRUE='#'
LIBQUAD_USE_SYMVER_TRUE=''
LIBS=''
LIBTOOL='$(SHELL) $(top_builddir)/libtool'
LIPO=''
LN_S='ln -s'
LTLIBOBJS=''
MAINT='#'
MAINTAINER_MODE_FALSE=''
MAINTAINER_MODE_TRUE='#'
MAKEINFO='/bin/bash ./../missing makeinfo'
MKDIR_P='/usr/bin/mkdir -p'
NM='/usr/bin/nm -B'
NMEDIT=''
OBJDUMP='objdump'
OBJEXT='o'
OTOOL64=''
OTOOL=''
PACKAGE='libquadmath'
PACKAGE_BUGREPORT=''
PACKAGE_NAME='GCC Quad-precision Math Library'
PACKAGE_STRING='GCC Quad-precision Math Library 0.1'
PACKAGE_TARNAME='libquadmath'
PACKAGE_URL=''
PACKAGE_VERSION='0.1'
PATH_SEPARATOR=':'
RANLIB='ranlib'
REPORT_BUGS_TEXI='@uref{https://gcc.gnu.org/bugs/}'
REPORT_BUGS_TO='<https://gcc.gnu.org/bugs/>'
SED='/usr/bin/sed'
SET_MAKE=''
SHELL='/bin/bash'
STRIP='strip'
VERSION='0.1'
XCFLAGS=' -fcf-protection -mshstk'
ac_ct_CC='gcc'
ac_ct_DUMPBIN=''
am__EXEEXT_FALSE=''
am__EXEEXT_TRUE='#'
am__fastdepCC_FALSE='#'
am__fastdepCC_TRUE=''
am__include='include'
am__isrc=''
am__leading_dot='.'
am__nodep='_no'
am__quote=''
am__tar='$${TAR-tar} chof - "$$tardir"'
am__untar='$${TAR-tar} xf -'
bindir='${exec_prefix}/bin'
build='x86_64-pc-linux-gnu'
build_alias=''
build_cpu='x86_64'
build_os='linux-gnu'
build_vendor='pc'
datadir='${datarootdir}'
datarootdir='${prefix}/share'
docdir='${datarootdir}/doc/${PACKAGE_TARNAME}'
dvidir='${docdir}'
enable_shared='yes'
enable_static='yes'
exec_prefix='${prefix}'
get_gcc_base_ver='cat'
host='x86_64-pc-linux-gnu'
host_alias=''
host_cpu='x86_64'
host_os='linux-gnu'
host_vendor='pc'
htmldir='${docdir}'
includedir='${prefix}/include'
infodir='${datarootdir}/info'
install_sh='${SHELL} /home/nekomimi/Загрузки/gcc-master/install-sh'
libdir='${exec_prefix}/lib'
libexecdir='${exec_prefix}/libexec'
localedir='${datarootdir}/locale'
localstatedir='${prefix}/var'
lt_host_flags=''
mandir='${datarootdir}/man'
mkdir_p='$(MKDIR_P)'
multi_basedir='./../..'
oldincludedir='/usr/include'
pdfdir='${docdir}'
prefix='/usr/local'
program_transform_name='s,x,x,'
psdir='${docdir}'
sbindir='${exec_prefix}/sbin'
sharedstatedir='${prefix}/com'
sysconfdir='${prefix}/etc'
target='x86_64-pc-linux-gnu'
target_alias=''
target_cpu='x86_64'
target_noncanonical='x86_64-pc-linux-gnu'
target_os='linux-gnu'
target_vendor='pc'
toolexecdir='$(libdir)/gcc-lib/$(target_alias)'
toolexeclibdir='$(libdir)/../lib'

## ----------- ##
## confdefs.h. ##
## ----------- ##

/* confdefs.h */
#define PACKAGE_NAME "GCC Quad-precision Math Library"
#define PACKAGE_TARNAME "libquadmath"
#define PACKAGE_VERSION "0.1"
#define PACKAGE_STRING "GCC Quad-precision Math Library 0.1"
#define PACKAGE_BUGREPORT ""
#define PACKAGE_URL ""
#define PACKAGE "libquadmath"
#define VERSION "0.1"
#define STDC_HEADERS 1
#define HAVE_SYS_TYPES_H 1
#define HAVE_SYS_STAT_H 1
#define HAVE_STDLIB_H 1
#define HAVE_STRING_H 1
#define HAVE_MEMORY_H 1
#define HAVE_STRINGS_H 1
#define HAVE_INTTYPES_H 1
#define HAVE_STDINT_H 1
#define HAVE_UNISTD_H 1
#define __EXTENSIONS__ 1
#define _ALL_SOURCE 1
#define _GNU_SOURCE 1
#define _POSIX_PTHREAD_SEMANTICS 1
#define _TANDEM_SOURCE 1
#define HAVE_DLFCN_H 1
#define LT_OBJDIR ".libs/"
#define HAVE_FENV_H 1
#define HAVE_LANGINFO_H 1
#define HAVE_LOCALE_H 1
#define HAVE_WCHAR_H 1
#define HAVE_WCTYPE_H 1
#define HAVE_LIMITS_H 1
#define HAVE_CTYPE_H 1
#define HAVE_PRINTF_H 1
#define HAVE_ERRNO_H 1
#define HAVE_MATH_H_SIGNGAM 1
#define HAVE_SQRTL 1
#define HAVE_CBRTL 1
#define HAVE_FEHOLDEXCEPT 1
#define HAVE_FESETROUND 1
#define HAVE_FEUPDATEENV 1
#define HAVE_FESETENV 1
#define HAVE_FETESTEXCEPT 1
#define HAVE_STRTOULL 1
#define HAVE_HIDDEN_VISIBILITY 1
#define HAVE_PRINTF_HOOKS 1
#define USE_NL_LANGINFO 1
#define USE_NL_LANGINFO_WC 1
#define USE_LOCALECONV 1
#define USE_I18N_NUMBER_H 1

configure: exit 1
